{"timestamp":"2026-04-24T08:56:01+05:30","severity":"INFO","message":"API endpoint accessed","request_id":"66aa2d36","user_id":1884}
{"timestamp":"2026-04-24T04:38:15+05:30","severity":"INFO","message":"Health check passed","request_id":"2afaf3b2","user_id":1393}
{"timestamp":"2026-04-24T07:34:53+05:30","severity":"INFO","message":"User authentication successful","request_id":"bf3720f8","user_id":4711}
{"timestamp":"2026-04-24T02:16:34+05:30","severity":"INFO","message":"Configuration loaded","request_id":"85936880","user_id":3812}
{"timestamp":"2026-04-24T08:25:42+05:30","severity":"INFO","message":"Health check passed","request_id":"73dc9b61","user_id":7717}
{"timestamp":"2026-04-24T04:15:10+05:30","severity":"INFO","message":"Configuration loaded","request_id":"cb3c0dfa","user_id":9410}
{"timestamp":"2026-04-24T05:50:22+05:30","severity":"INFO","message":"Database query executed","request_id":"d418522e","user_id":4973}
{"timestamp":"2026-04-24T10:04:43+05:30","severity":"INFO","message":"Request processed successfully","request_id":"582be7a2","user_id":3952}
{"timestamp":"2026-04-24T04:46:58+05:30","severity":"INFO","message":"User authentication successful","request_id":"ed95053b","user_id":3297}
{"timestamp":"2026-04-24T01:47:22+05:30","severity":"INFO","message":"API endpoint accessed","request_id":"0a80d7ce","user_id":1006}
{"timestamp":"2026-04-24T03:11:51+05:30","severity":"INFO","message":"Health check passed","request_id":"a67e858f","user_id":9766}
{"timestamp":"2026-04-24T07:59:43+05:30","severity":"INFO","message":"Health check passed","request_id":"9a49920c","user_id":5494}
{"timestamp":"2026-04-24T02:45:13+05:30","severity":"INFO","message":"Request processed successfully","request_id":"8f081e2e","user_id":5232}
{"timestamp":"2026-04-24T02:59:12+05:30","severity":"INFO","message":"Health check passed","request_id":"3dfe3480","user_id":6038}
{"timestamp":"2026-04-24T03:40:56+05:30","severity":"INFO","message":"Database query executed","request_id":"88862f3a","user_id":2071}
{"timestamp":"2026-04-24T04:58:56+05:30","severity":"INFO","message":"Configuration loaded","request_id":"4600c735","user_id":1099}
{"timestamp":"2026-04-24T06:34:16+05:30","severity":"INFO","message":"API endpoint accessed","request_id":"40183d97","user_id":2369}
{"timestamp":"2026-04-24T08:38:15+05:30","severity":"INFO","message":"Cache hit for key","request_id":"d215a5fa","user_id":2653}
{"timestamp":"2026-04-24T04:53:03+05:30","severity":"INFO","message":"Database query executed","request_id":"162f424b","user_id":3531}
{"timestamp":"2026-04-24T06:05:22+05:30","severity":"INFO","message":"API endpoint accessed","request_id":"178290e0","user_id":9364}
{"timestamp":"2026-04-24T04:52:47+05:30","severity":"INFO","message":"Database query executed","request_id":"72bf4e51","user_id":5256}
{"timestamp":"2026-04-24T07:41:42+05:30","severity":"INFO","message":"Configuration loaded","request_id":"c492860d","user_id":2901}
{"timestamp":"2026-04-24T08:56:27+05:30","severity":"INFO","message":"Database query executed","request_id":"f0888dea","user_id":2511}
{"timestamp":"2026-04-24T04:30:46+05:30","severity":"INFO","message":"Database query executed","request_id":"1f5b9c6e","user_id":4062}
{"timestamp":"2026-04-24T05:06:11+05:30","severity":"INFO","message":"Configuration loaded","request_id":"c1c6bec0","user_id":5391}
{"timestamp":"2026-04-24T04:25:31+05:30","severity":"INFO","message":"Health check passed","request_id":"d2658ea3","user_id":5242}
{"timestamp":"2026-04-24T10:00:06+05:30","severity":"INFO","message":"User authentication successful","request_id":"f5f59561","user_id":7603}
{"timestamp":"2026-04-24T07:09:07+05:30","severity":"INFO","message":"Session created","request_id":"12789490","user_id":4248}
{"timestamp":"2026-04-24T03:05:18+05:30","severity":"INFO","message":"User authentication successful","request_id":"1a28ee08","user_id":4095}
{"timestamp":"2026-04-24T05:16:32+05:30","severity":"INFO","message":"API endpoint accessed","request_id":"e5e9ef5a","user_id":7901}
{"timestamp":"2026-04-24T05:32:48+05:30","severity":"INFO","message":"Database query executed","request_id":"0c9433b0","user_id":2779}
{"timestamp":"2026-04-24T02:40:32+05:30","severity":"INFO","message":"Configuration loaded","request_id":"06ff2fbe","user_id":4423}
{"timestamp":"2026-04-24T04:12:21+05:30","severity":"INFO","message":"User authentication successful","request_id":"b919a7fe","user_id":9749}
{"timestamp":"2026-04-24T05:50:01+05:30","severity":"INFO","message":"Session created","request_id":"abb59f4e","user_id":7818}
{"timestamp":"2026-04-24T04:54:52+05:30","severity":"INFO","message":"User authentication successful","request_id":"52f7e6ba","user_id":6257}
{"timestamp":"2026-04-24T02:19:15+05:30","severity":"INFO","message":"Session created","request_id":"8421e934","user_id":2361}
{"timestamp":"2026-04-24T03:00:10+05:30","severity":"INFO","message":"Session created","request_id":"76fbf667","user_id":8155}
{"timestamp":"2026-04-24T03:49:44+05:30","severity":"INFO","message":"Database query executed","request_id":"c9a0fbdc","user_id":6271}
{"timestamp":"2026-04-24T05:39:10+05:30","severity":"INFO","message":"Request processed successfully","request_id":"023b8bef","user_id":4866}
{"timestamp":"2026-04-24T09:57:48+05:30","severity":"INFO","message":"Configuration loaded","request_id":"f979667b","user_id":9201}
